#-----------------------------------------------------------
# Vivado v2019.1 (64-bit)
# SW Build 2552052 on Fri May 24 14:49:42 MDT 2019
# IP Build 2548770 on Fri May 24 18:01:18 MDT 2019
# Start of session at: Mon Nov 18 22:28:02 2019
# Process ID: 13736
# Current directory: C:/Users/HARSHIT/Desktop/Harsh DS Project/Fake_Currency_Detector
# Command line: vivado.exe -gui_launcher_event rodinguilauncherevent24740 C:\Users\HARSHIT\Desktop\Harsh DS Project\Fake_Currency_Detector\Fake_Currency_Detector.xpr
# Log file: C:/Users/HARSHIT/Desktop/Harsh DS Project/Fake_Currency_Detector/vivado.log
# Journal file: C:/Users/HARSHIT/Desktop/Harsh DS Project/Fake_Currency_Detector\vivado.jou
#-----------------------------------------------------------
start_gui
open_project {C:/Users/HARSHIT/Desktop/Harsh DS Project/Fake_Currency_Detector/Fake_Currency_Detector.xpr}
Scanning sources...
Finished scanning sources
INFO: [IP_Flow 19-234] Refreshing IP repositories
INFO: [IP_Flow 19-1704] No user IP repositories specified
INFO: [IP_Flow 19-2313] Loaded Vivado IP repository 'D:/Xilinx/Vivado/2019.1/data/ip'.
open_project: Time (s): cpu = 00:00:45 ; elapsed = 00:00:20 . Memory (MB): peak = 886.000 ; gain = 223.891
update_compile_order -fileset sources_1
exit
INFO: [Common 17-206] Exiting Vivado at Mon Nov 18 22:30:35 2019...
